1524474787266	geckodriver	INFO	geckodriver 0.20.1
1524474787289	geckodriver	INFO	Listening on 127.0.0.1:54109
1524474790311	mozrunner::runner	INFO	Running command: "C:\\Program Files (x86)\\Mozilla Firefox\\firefox.exe" "-marionette" "-profile" "C:\\Users\\zhouxy\\AppData\\Local\\Temp\\rust_mozprofile.zsMIvVLNnnDM"
1524474793074	Marionette	INFO	Enabled via --marionette
1524474796172	Marionette	INFO	Listening on port 54118
1524474796592	Marionette	WARN	TLS certificate errors will be ignored for this session
[Child 14236, Chrome_ChildThread] WARNING: pipe error: 109: file z:/build/build/src/ipc/chromium/src/chrome/common/ipc_channel_win.cc, line 346
[Child 14236, Chrome_ChildThread] WARNING: pipe error: 109: file z:/build/build/src/ipc/chromium/src/chrome/common/ipc_channel_wi
###!!! [Child][MessageChannel::SendAndWait] Error: Channel error: cannot send/recv

arionette
1524474904732	Marionette	INFO	Listening on port 54208
1524474904754	Marionette	WARN	TLS certificate errors will be ignored for this session
JavaScript error: https://ss1.bdstatic.com/5eN1bjq8AAUYm2zgoY3K/r/www/cache/static/protocol/https/plugins/every_cookie_4644b13.js, line 4: ReferenceError: c is not defined
[Parent 13676, Gecko_IOThread] WARNING: pipe error: 109: file z:/build/build/src/ipc/chromium/src/chrome/common/ipc_channel_win.cc, line 346
[Child 16596, Chrome_ChildThread] WARNING: pipe error: 109: file z:/build/build/src/ipc/chromium/src/chrome/common/ipc_channel_win.cc, line 346
[Chi[Child 10040, Chrome_ChildThread] WARNING: pipe error: 109: file z:/build/build/src/ipc/chromium/src/chrome/common/ipc_channel_win.cc, line 346
[Chi
###!!! [Child][MessageChannel::SendAndWait] Error: Channel error: cannot send/recv

ror: https://ss1.bdstatic.com/5eN1bjq8AAUYm2zgoY3K/r/www/cache/static/protocol/https/plugins/every_cookie_4644b13.js, line 4: ReferenceError: c is not defined
console.warn: LoginRecipes: getRecipes: falling back to a synchronous message for: https://www.baidu.com
console.warn: LoginRecipes: getRecipes: falling back to a synchronous message for: https://www.baidu.com
[Parent 10936, Gecko_IOThread] WARNING: pipe error: 109: file z:/build/build/src/ipc/chromium/src/chrome/common/ipc_channel_win.cc, line 346
[Parent 10936, Gecko_IOThread] WARNING: pipe error: 109: file z:/build/build/src/ipc/chromium/src/chrome/common/ipc_channel_win.cc, line 346
[Child 18200, Chrome_ChildThread] WARNING: pipe error: 109: file z:/build/build/src/ipc/chromium/src/chrome/common/ipc_channel_win.cc, line 346
[Child [Parent 10936, Gecko_IOThread] WARNING: pipe error: 109: file z:/build/build/src/ipc/chromium/src/chrome/common/ipc_channel_win.cc, line 346

###!!! [Child][MessageChannel::SendAndWait] Error: Channel error: cannot send/recv

or: c is not defined
[Parent 21348, Gecko_IOThread] WARNING: pipe error: 109: file z:/build/build/src/ipc/chromium/src/chrome/common/ipc_channel_win.cc, line 346
[Child 21284, Chrome_ChildThread] WARNING: pipe error: 109: file z:/build/build/src/ipc/chromium/src/chrome/common/ipc_channel_win.cc, line 346
[Child 21284, Chr
###!!! [Child][MessageChannel::SendAndWait] Error: Channel error: cannot send/recv

1524639376649	geckodriver	INFO	geckodriver 0.20.1
1524639376666	geckodriver	INFO	Listening on 127.0.0.1:51650
1524639379763	mozrunner::runner	INFO	Running command: "C:\\Program Files (x86)\\Mozilla Firefox\\firefox.exe" "-marionette" "-profile" "C:\\Users\\zhouxy\\AppData\\Local\\Temp\\rust_mozprofile.NVpVhIylCBKB"
1524639381148	Marionette	INFO	Enabled via --marionette
1524639383400	Marionette	INFO	Listening on port 51659
1524639383464	Marionette	WARN	TLS certificate errors will be ignored for this session
[Child 7692, Chrome_ChildThread] WARNING: pipe error: 109: file z:/build/build/src/ipc/chromium/src/chrome/common/ipc_channel_win.cc, line 346
[Child *** UTM:SVC TimerManager:registerTimer called after profile-before-change notification. Ignoring timer registration for id: telemetry_modules_ping

###!!! [Child][MessageChannel::SendAndWait] Error: Channel error: cannot send/recv

1524639437505	geckodriver	INFO	geckodriver 0.20.1
1524639437521	geckodriver	INFO	Listening on 127.0.0.1:51730
1524639440585	mozrunner::runner	INFO	Running command: "C:\\Program Files (x86)\\Mozilla Firefox\\firefox.exe" "-marionette" "-profile" "C:\\Users\\zhouxy\\AppData\\Local\\Temp\\rust_mozprofile.Tp7YViKnQFRJ"
1524639441348	Marionette	INFO	Enabled via --marionette
1524639443162	Marionette	INFO	Listening on port 51739
1524639443716	Marionette	WARN	TLS certificate errors will be ignored for this session
[Child 5432, Chrome_ChildThread] WARNING: pipe error: 109: file z:/build/build/src/ipc/chromium/src/chrome/common/ipc_channel_win.cc, line 346
[Child 5[Child 2864, Chrome_ChildThread] WARNING: pipe error: 109: file z:/build/build/src/ipc/chromium/src/chrome/common/ipc_channel_win.cc, line 346
[Chil[*** UTM:SVC TimerManager:registerTimer called after profile-before-change notification. Ignoring timer registration for id: telemetry_modules_ping

###!!! [Child][MessageChannel::SendAndWait] Error: Channel error: cannot send/recv

1524639470190	geckodriver	INFO	geckodriver 0.20.1
1524639470204	geckodriver	INFO	Listening on 127.0.0.1:51792
1524639473301	mozrunner::runner	INFO	Running command: "C:\\Program Files (x86)\\Mozilla Firefox\\firefox.exe" "-marionette" "-profile" "C:\\Users\\zhouxy\\AppData\\Local\\Temp\\rust_mozprofile.gMZ39o3taVfQ"
1524639474076	Marionette	INFO	Enabled via --marionette
1524639475902	Marionette	INFO	Listening on port 51800
1524639476434	Marionette	WARN	TLS certificate errors will be ignored for this session
[Child 8984, Chrome_ChildThread] WARNING: pipe error: 109: file z:/build/build/src/ipc/chromium/src/chrome/common/ipc_channel_win.cc, line 346
[Chil[Child 11792, Chrome_ChildThread] WARNING: pipe error: 109: file z:/build/build/src/ipc/chromium/src/chrome/common/ipc_channel_win.cc, line 346
[Child*** UTM:SVC TimerManager:registerTimer called after profile-before-change notification. Ignoring timer registration for id: telemetry_modules_ping

###!!! [Child][MessageChannel::SendAndWait] Error: Channel error: cannot send/recv

1524640582758	geckodriver	INFO	geckodriver 0.20.1
1524640582784	geckodriver	INFO	Listening on 127.0.0.1:52292
1524640585794	mozrunner::runner	INFO	Running command: "C:\\Program Files (x86)\\Mozilla Firefox\\firefox.exe" "-marionette" "-profile" "C:\\Users\\zhouxy\\AppData\\Local\\Temp\\rust_mozprofile.YhOYfgc3165U"
1524640587196	Marionette	INFO	Enabled via --marionette
1524640589594	Marionette	INFO	Listening on port 52301
1524640589932	Marionette	WARN	TLS certificate errors will be ignored for this session
[Child 5916, Chrome_ChildThread] WARNING: pipe error: 109: file z:/build/build/src/ipc/chromium/src/chrome/common/ipc_channel_win.cc, line 346
[Chi*** UTM:SVC TimerManager:registerTimer called after profile-before-change notification. Ignoring timer registration for id: telemetry_modules_ping

###!!! [Child][MessageChannel::SendAndWait] Error: Channel error: cannot send/recv

1524646451864	geckodriver	INFO	geckodriver 0.20.1
1524646451879	geckodriver	INFO	Listening on 127.0.0.1:55209
1524646454958	mozrunner::runner	INFO	Running command: "C:\\Program Files (x86)\\Mozilla Firefox\\firefox.exe" "-marionette" "-profile" "C:\\Users\\zhouxy\\AppData\\Local\\Temp\\rust_mozprofile.NZaJalbK0cMu"
1524646456648	Marionette	INFO	Enabled via --marionette
1524646458994	Marionette	INFO	Listening on port 55220
1524646459264	Marionette	WARN	TLS certificate errors will be ignored for this session
[Child 10124, Chrome_ChildThread] WARNING: pipe error: 109: file z:/build/build/src/ipc/chromium/src/chrome/common/ipc_channel_win.cc, line 346
[Child[Child 5348, Chrome_ChildThread] WARNING: pipe error: 109: file z:/build/build/src/ipc/chromium/src/chrome/common/ipc_channel_win.cc, line 346
[Child[GPU 12712, Chrome_ChildThr
###!!! [Child][MessageChannel::SendAndWait] Error: Channel error: cannot send/recv

port 55344
1524646707786	Marionette	WARN	TLS certificate errors will be ignored for this session

###!!! [Child][MessageChannel::SendAndWait] Error: Channel error: cannot send/recv

ng on 127.0.0.1:55441
1524646910621	mozrunner::runner	INFO	Running command: "C:\\Program Files (x86)\\Mozilla Firefox\\firefox.exe" "-marionette" "-profile" "C:\\Users\\zhouxy\\AppData\\Local\\Temp\\rust_mozprofile.rSGwdFCeV1LG"
1524646911502	Marionette	INFO	Enabled via --marionette
1524646913732	Marionette	INFO	Listening on port 55449
1524646913750	Marionette	WARN	TLS certificate errors will be ignored for this session
[Child 11772, Chrome_ChildThread] WARNING: pipe error: 109: file z:/build/build/src/ipc/chromium/src/chrome/common/ipc_channel_win.cc, line 346
[Child[Child 
###!!! [Child][MessageChannel::SendAndWait] Error: Channel error: cannot send/recv

C:\\Users\\zhouxy\\AppData\\Local\\Temp\\rust_mozprofile.283dHpzM7Rmq"
1524647013652	Marionette	INFO	Enabled via --marionette
1524647016134	Marionette	INFO	Listening on port 55518
1524647016396	Marionette	WARN	TLS certificate errors will be ignored for this session
[Parent 4720, Gecko_IOThread] WARNING: pipe error: 109: file z:/build/build/src/ipc/chromium/src/chrome/common/ipc_channel_win.cc, line 346
[Parent 4720, Gecko_IOThread] WARNING: pipe error: 109: file z:/build/build/src/ipc/chromium/src/chrome/common/ipc_channel_win.cc, line 346
[Child 700, Chrome_ChildThread] WARNING: pipe error: 109: file z:/build/build/src/ipc/chromium/src/chrome/common/ipc_channel_win.cc, line 346
[Child 7[Parent 4720, Gecko_IOThread] WARNING: pipe error: 109: file z:/build/build/src/ip[Parent 15040, Gecko_IOThread] WARNING: pipe error: 109: file z:/build/build/src/ipc/chromium/src/chrome/common/ipc_channel_win.cc, line 346
[[Child 11772, Chrome_ChildThread] WARNING: pipe error: 109: file z:/build/build/src/ipc/chromium/src/chrome/common/ipc_channel_win.cc, line 346
[C[Parent 15040, Gecko_IOThread] WARNING: pipe error: 109: file z:/build/build/src/ipc/chromium/src/chrome/common/ipc_channel_win.cc, line 346
[Child 1368, Chrome_ChildThread] WARNING: pipe error: 109: file z:/build/build/src/console.error: PushService: 
  Failed to drop expired registrations on idle
  UnknownError
console.error: PushService: 
  Failed to drop expired registrations on idle
  UnknownError
console.error: PushService: 
  Failed to drop expired registrations on idle
  UnknownError
console.error: PushService: 
  Failed to drop expired registrations on idle
  UnknownError
console.error: PushService: 
  Failed to drop expired registrations on idle
  UnknownError
console.error: PushService: 
  Failed to drop expired registrations on idle
  UnknownError
[Parent 8044, Gecko_IOThread] WARNING: pipe error: 109: file z:/build/build/src/ipc/chromium/src/chrome/common/ipc_channel_win.cc, line 346
[Parent 8044, Gecko_IOThread] WARNING: pipe error: 109: file z:/build/build/src/ipc/chromium/src/chrome/common/ipc_channel_win.cc, line 346
[Child 9408, Chrome_ChildThread] WARNING: pipe error: 109: file z:/build/build/src/ipc/chromium/src/chrome/common/ipc_channel_win.cc, line 346
